# The RI avoids blocking calls when '\r' is the last character. We don't
# bother since that adds complexity to every other read call, and '\r' as the
# last character will be diminishingly rare anyway.
test java.io.BufferedReader.ReadLine
result EXEC_FAILED
pattern .*java.lang.RuntimeException: Read past limit.*

test java.io.BufferedReader.Ready
result EXEC_FAILED
pattern .*Hit infinite wait condition.*


# The test is checking that the implementation doesn't read any characters
# earlier than it absolutely needs to. This is a bogus requirement; streams
# are allowed to buffer input as necessary.
test java.io.StreamTokenizer.Reset
result EXEC_FAILED
pattern .*Test failed: should get token \[, but get -1.*


# Dalvik doesn't include the "SunJCE" crypto provider
test com.sun.crypto.provider.Cipher.AES.Test4513830
result EXEC_FAILED
pattern .*NoClassDefFoundError: com.sun.crypto.provider.SunJCE.*

test com.sun.crypto.provider.Cipher.AES.Test4512704
result EXEC_FAILED
pattern .*NoClassDefFoundError: com.sun.crypto.provider.SunJCE.*

test com.sun.crypto.provider.Cipher.AES.Test4512524
result EXEC_FAILED
pattern .*NoClassDefFoundError: com.sun.crypto.provider.SunJCE.*

test com.sun.crypto.provider.Cipher.AES.Test4511676
result EXEC_FAILED
pattern .*NoClassDefFoundError: com.sun.crypto.provider.SunJCE.*

test com.sun.crypto.provider.Cipher.AES.Test4517355
result EXEC_FAILED
pattern .*NoClassDefFoundError: com.sun.crypto.provider.SunJCE.*

test com.sun.crypto.provider.Cipher.AES.TestISO10126Padding
result EXEC_FAILED
pattern .* java.security.NoSuchProviderException: SunJCE.*

test com.sun.crypto.provider.Cipher.AES.Test4626070
result EXEC_FAILED
pattern .*NoClassDefFoundError: com.sun.crypto.provider.SunJCE.*

test com.sun.crypto.provider.Cipher.AES.TestShortBuffer
result EXEC_FAILED
pattern .*Provider SunJCE is not available.*

test com.sun.crypto.provider.Cipher.CTS.CTSMode
result EXEC_FAILED
pattern .*Provider SunJCE is not available.*

test com.sun.crypto.provider.Cipher.DES.DesAPITest
result EXEC_FAILED
pattern .*java.lang.NoClassDefFoundError: com.sun.crypto.provider.SunJCE.*

test com.sun.crypto.provider.Cipher.DES.DoFinalReturnLen
result EXEC_FAILED
pattern .*java.lang.NoClassDefFoundError: com.sun.crypto.provider.SunJCE.*

test com.sun.crypto.provider.Cipher.DES.FlushBug
result EXEC_FAILED
pattern .*java.lang.NoClassDefFoundError: com.sun.crypto.provider.SunJCE.*

test com.sun.crypto.provider.Cipher.DES.KeyWrapping
result EXEC_FAILED
pattern .*Provider SunJCE is not available.*

test com.sun.crypto.provider.Cipher.DES.PaddingTest
result EXEC_FAILED
pattern .*java.lang.NoClassDefFoundError: com.sun.crypto.provider.SunJCE.*

test com.sun.crypto.provider.Cipher.DES.Sealtest
result EXEC_FAILED
pattern .*java.lang.NoClassDefFoundError: com.sun.crypto.provider.SunJCE.*

test com.sun.crypto.provider.Cipher.DES.PerformanceTest
result EXEC_FAILED
pattern .*java.lang.NoClassDefFoundError: com.sun.crypto.provider.SunJCE.*

test com.sun.crypto.provider.Cipher.PBE.DecryptWithoutParameters
result EXEC_FAILED
pattern .*Provider SunJCE is not available.*

test com.sun.crypto.provider.Cipher.PBE.PBEInvalidParamsTest
result EXEC_FAILED
pattern .*Provider SunJCE is not available.*

test com.sun.crypto.provider.Cipher.PBE.PBEKeysAlgorithmNames
result EXEC_FAILED
pattern .*java.security.NoSuchProviderException: SunJCE.*

test com.sun.crypto.provider.Cipher.PBE.PBEParametersTest
result EXEC_FAILED
pattern .*Provider SunJCE is not available.*

test com.sun.crypto.provider.Cipher.PBE.PKCS12Oid
result EXEC_FAILED
pattern .*Provider SunJCE is not available.*

test com.sun.crypto.provider.Cipher.UTIL.StrongOrUnlimited
result EXEC_FAILED
pattern .*Provider SunJCE is not available.*

test com.sun.crypto.provider.Cipher.KeyWrap.NISTWrapKAT
result EXEC_FAILED
pattern .*Provider SunJCE is not available.*

test com.sun.crypto.provider.KeyAgreement.DHGenSecretKey
result EXEC_FAILED
pattern .*java.security.NoSuchProviderException: SunJCE.*

test com.sun.crypto.provider.KeyAgreement.DHGenSharedSecret
result EXEC_FAILED
pattern .*java.lang.NoClassDefFoundError: com.sun.crypto.provider.SunJCE.*

test com.sun.crypto.provider.KeyAgreement.DHKeyAgreement3
result EXEC_FAILED
pattern .*java.lang.NoClassDefFoundError: com.sun.crypto.provider.SunJCE.*

test com.sun.crypto.provider.KeyAgreement.DHKeyFactory
result EXEC_FAILED
pattern .*java.lang.NoClassDefFoundError: com.sun.crypto.provider.SunJCE.*

test com.sun.crypto.provider.KeyAgreement.DHKeyGenSpeed
result EXEC_FAILED
pattern .*java.lang.NoClassDefFoundError: com.sun.crypto.provider.SunJCE.*

test com.sun.crypto.provider.KeyAgreement.TestExponentSize
result EXEC_FAILED
pattern .*java.security.NoSuchProviderException: SunJCE.*

test com.sun.crypto.provider.KeyFactory.TestProviderLeak
result EXEC_FAILED
pattern .*java.security.NoSuchProviderException: SunJCE.*

test com.sun.crypto.provider.KeyFactory.PBKDF2HmacSHA1FactoryTest
result EXEC_FAILED
pattern .*java.security.NoSuchProviderException: SunJCE.*

test com.sun.crypto.provider.KeyGenerator.Test4628062
result EXEC_FAILED
pattern .*java.lang.NoClassDefFoundError: com.sun.crypto.provider.SunJCE.*

test com.sun.crypto.provider.KeyGenerator.TestExplicitKeyLength
result EXEC_FAILED
pattern .*java.lang.NoClassDefFoundError: com.sun.crypto.provider.SunJCE.*

test com.sun.crypto.provider.Mac.HmacPBESHA1
result EXEC_FAILED
pattern .*java.security.NoSuchProviderException: SunJCE.*

test com.sun.crypto.provider.Mac.HmacMD5
result EXEC_FAILED
pattern .*java.lang.NoClassDefFoundError: com.sun.crypto.provider.SunJCE.*

test com.sun.crypto.provider.Mac.MacClone
result EXEC_FAILED
pattern .*java.security.NoSuchProviderException: SunJCE.*


# These NPEs all happen while calling Provider#getName on the result of
# Security#getProvider(). Unfortunately, that method is permitted to return
# null if the system has no provider with the requested name. And since we don't
# have the "SunJCE" provider, tests fail
test com.sun.crypto.provider.Cipher.PBE.PKCS12Cipher
result EXEC_FAILED
pattern .*PKCS12Cipher.java\:87\).*NullPointerException.*

test com.sun.crypto.provider.Cipher.PBE.PKCS12CipherKAT
result EXEC_FAILED
pattern .*NullPointerException.*PKCS12CipherKAT.java\:183\).*

test com.sun.crypto.provider.Cipher.RC2ArcFour.CipherKAT
result EXEC_FAILED
pattern .*NullPointerException.*CipherKAT.java\:205\).*

test com.sun.crypto.provider.Cipher.RSA.TestOAEP_KAT
result EXEC_FAILED
pattern .*TestOAEP_KAT.java\:62\).*NullPointerException.*

test com.sun.crypto.provider.Cipher.RSA.TestOAEP
result EXEC_FAILED
pattern .*TestOAEP.java\:50\).*NullPointerException.*

test com.sun.crypto.provider.Cipher.RSA.TestOAEPParameterSpec
result EXEC_FAILED
pattern .*TestOAEPParameterSpec.java\:124\).*NullPointerException.*

test com.sun.crypto.provider.Cipher.RSA.TestOAEPWithParams
result EXEC_FAILED
pattern .*TestOAEPWithParams.java\:58\).*NullPointerException.*

test com.sun.crypto.provider.Cipher.RSA.TestRSA
result EXEC_FAILED
pattern .*TestRSA.java\:171\).*NullPointerException.*

test com.sun.crypto.provider.Mac.HmacSaltLengths
result EXEC_FAILED
pattern .*HmacSaltLengths.java\:83\).*java.lang.NullPointerException.*

test com.sun.crypto.provider.Mac.MacKAT
result EXEC_FAILED
pattern .*MacKAT.java\:228\).*java.lang.NullPointerException.*


# These tests call into misc Sun classes that we don't have
test com.sun.crypto.provider.KeyAgreement.DHKeyAgreement2
result COMPILE_FAILED
pattern .*cannot find symbol.*sun.misc.HexDumpEncoder.*

test com.sun.crypto.provider.Cipher.KeyWrap.XMLEncKAT
result COMPILE_FAILED
pattern .*cannot find symbol.*sun.misc.BASE64Decoder.*

test com.sun.crypto.provider.TLS.TestKeyMaterial
result COMPILE_FAILED
pattern .*package sun.security.internal.spec does not exist.*

test com.sun.crypto.provider.TLS.TestMasterSecret
result COMPILE_FAILED
pattern .*package sun.security.internal.spec does not exist.*

test com.sun.crypto.provider.TLS.TestPremaster
result COMPILE_FAILED
pattern .*package sun.security.internal.spec does not exist.*

test com.sun.crypto.provider.TLS.TestPRF
result COMPILE_FAILED
pattern .*package sun.security.internal.spec does not exist.*


# we don't have com.sun.jdi; none of the corresponding tests will work
test com.sun.jdi.connect.spi.GeneratedConnectors
result COMPILE_FAILED
pattern .*package com.sun.jdi does not exist.*

test com.sun.jdi.connect.spi.DebugUsingCustomConnector
result COMPILE_FAILED
pattern .*package com.sun.jdi does not exist.*

test com.sun.jdi.redefine.RedefineTest
result COMPILE_FAILED
pattern .*package com.sun.jdi does not exist.*

test com.sun.jdi.redefineMethod.RedefineTest
result COMPILE_FAILED
pattern .*package com.sun.jdi does not exist.*

test com.sun.jdi.sde.MangleStepTest
result COMPILE_FAILED
pattern .*package com.sun.jdi does not exist.*

test com.sun.jdi.sde.MangleTest
result COMPILE_FAILED
pattern .*package com.sun.jdi does not exist.*

test com.sun.jdi.sde.FilterMangleTest
result COMPILE_FAILED
pattern .*package com.sun.jdi does not exist.*

test com.sun.jdi.sde.SourceDebugExtensionTest
result COMPILE_FAILED
pattern .*package com.sun.jdi does not exist.*

test com.sun.jdi.sde.TemperatureTableTest
result COMPILE_FAILED
pattern .*package com.sun.jdi does not exist.*

test com.sun.jdi.AcceptTimeout
result COMPILE_FAILED
pattern .*package com.sun.jdi does not exist.*

test com.sun.jdi.AccessSpecifierTest
result COMPILE_FAILED
pattern .*package com.sun.jdi does not exist.*

test com.sun.jdi.AfterThreadDeathTest
result COMPILE_FAILED
pattern .*package com.sun.jdi does not exist.*

test com.sun.jdi.AllLineLocations
result COMPILE_FAILED
pattern .*package com.sun.jdi does not exist.*

test com.sun.jdi.ArrayRangeTest
result COMPILE_FAILED
pattern .*package com.sun.jdi does not exist.*

test com.sun.jdi.BacktraceFieldTest
result COMPILE_FAILED
pattern .*package com.sun.jdi does not exist.*

test com.sun.jdi.BadHandshakeTest
result COMPILE_FAILED
pattern .*package com.sun.jdi does not exist.*

test com.sun.jdi.BreakpointTest
result COMPILE_FAILED
pattern .*package com.sun.jdi does not exist.*

test com.sun.jdi.ClassesByName
result COMPILE_FAILED
pattern .*package com.sun.jdi does not exist.*

test com.sun.jdi.ClassesByName2Test
result COMPILE_FAILED
pattern .*package com.sun.jdi does not exist.*

test com.sun.jdi.ClassLoaderClassesTest
result COMPILE_FAILED
pattern .*package com.sun.jdi does not exist.*

test com.sun.jdi.CompatibleConnectors
result COMPILE_FAILED
pattern .*package com.sun.jdi does not exist.*

test com.sun.jdi.ConnectedVMs
result COMPILE_FAILED
pattern .*package com.sun.jdi does not exist.*

test com.sun.jdi.ConstantPoolInfo
result COMPILE_FAILED
pattern .*package com.sun.jdi does not exist.*

test com.sun.jdi.CountEvent
result COMPILE_FAILED
pattern .*package com.sun.jdi does not exist.*

test com.sun.jdi.CountFilterTest
result COMPILE_FAILED
pattern .*package com.sun.jdi does not exist.*

test com.sun.jdi.DebuggerThreadTest
result COMPILE_FAILED
pattern .*package com.sun.jdi does not exist.*

test com.sun.jdi.DeleteAllBkptsTest
result COMPILE_FAILED
pattern .*package com.sun.jdi does not exist.*

test com.sun.jdi.DeleteEventRequestsTest
result COMPILE_FAILED
pattern .*package com.sun.jdi does not exist.*

test com.sun.jdi.DoubleAgentTest
result COMPILE_FAILED
pattern .*package com.sun.jdi does not exist.*

test com.sun.jdi.EarlyReturnNegativeTest
result COMPILE_FAILED
pattern .*package com.sun.jdi does not exist.*

test com.sun.jdi.EarlyReturnTest
result COMPILE_FAILED
pattern .*package com.sun.jdi does not exist.*

test com.sun.jdi.EnumTest
result COMPILE_FAILED
pattern .*package com.sun.jdi does not exist.*

test com.sun.jdi.EventQueueDisconnectTest
result COMPILE_FAILED
pattern .*package com.sun.jdi does not exist.*

test com.sun.jdi.ExceptionEvents
result COMPILE_FAILED
pattern .*package com.sun.jdi does not exist.*

test com.sun.jdi.ExclusiveBind
result COMPILE_FAILED
pattern .*package com.sun.jdi does not exist.*

test com.sun.jdi.ExpiredRequestDeletionTest
result COMPILE_FAILED
pattern .*package com.sun.jdi does not exist.*

test com.sun.jdi.FieldWatchpoints
result COMPILE_FAILED
pattern .*package com.sun.jdi does not exist.*

test com.sun.jdi.FilterMatch
result COMPILE_FAILED
pattern .*package com.sun.jdi does not exist.*

test com.sun.jdi.FilterNoMatch
result COMPILE_FAILED
pattern .*package com.sun.jdi does not exist.*

test com.sun.jdi.FinalizerTest
result COMPILE_FAILED
pattern .*package com.sun.jdi does not exist.*

test com.sun.jdi.FinalLocalsTest
result COMPILE_FAILED
pattern .*package com.sun.jdi does not exist.*

test com.sun.jdi.FramesTest
result COMPILE_FAILED
pattern .*package com.sun.jdi does not exist.*

test com.sun.jdi.GenericsTest
result COMPILE_FAILED
pattern .*package com.sun.jdi does not exist.*

test com.sun.jdi.GetLocalVariables2Test
result COMPILE_FAILED
pattern .*package com.sun.jdi does not exist.*

test com.sun.jdi.HomeTest
result COMPILE_FAILED
pattern .*package com.sun.jdi does not exist.*

test com.sun.jdi.InstanceFilter
result COMPILE_FAILED
pattern .*package com.sun.jdi does not exist.*

test com.sun.jdi.InstancesTest
result COMPILE_FAILED
pattern .*package com.sun.jdi does not exist.*

test com.sun.jdi.InterruptHangTest
result COMPILE_FAILED
pattern .*package com.sun.jdi does not exist.*

test com.sun.jdi.InvokeHangTest
result COMPILE_FAILED
pattern .*package com.sun.jdi does not exist.*

test com.sun.jdi.InvokeTest
result COMPILE_FAILED
pattern .*package com.sun.jdi does not exist.*

test com.sun.jdi.Java_gTest
result COMPILE_FAILED
pattern .*package com.sun.jdi does not exist.*

test com.sun.jdi.LaunchCommandLine
result COMPILE_FAILED
pattern .*package com.sun.jdi does not exist.*

test com.sun.jdi.LineNumberInfo
result COMPILE_FAILED
pattern .*package com.sun.jdi does not exist.*

test com.sun.jdi.ListenAddress
result COMPILE_FAILED
pattern .*package com.sun.jdi does not exist.*

test com.sun.jdi.LocalVariableEqual
result COMPILE_FAILED
pattern .*package com.sun.jdi does not exist.*

test com.sun.jdi.LocationTest
result COMPILE_FAILED
pattern .*package com.sun.jdi does not exist.*

test com.sun.jdi.MethodEntryExitEvents
result COMPILE_FAILED
pattern .*package com.sun.jdi does not exist.*

test com.sun.jdi.MethodExitReturnValuesTest
result COMPILE_FAILED
pattern .*package com.sun.jdi does not exist.*

test com.sun.jdi.ModificationWatchpoints
result COMPILE_FAILED
pattern .*package com.sun.jdi does not exist.*

test com.sun.jdi.MonitorEventTest
result COMPILE_FAILED
pattern .*package com.sun.jdi does not exist.*

test com.sun.jdi.MonitorFrameInfo
result COMPILE_FAILED
pattern .*package com.sun.jdi does not exist.*

test com.sun.jdi.MultiBreakpointsTest
result COMPILE_FAILED
pattern .*package com.sun.jdi does not exist.*

test com.sun.jdi.NewInstanceTest
result COMPILE_FAILED
pattern .*package com.sun.jdi does not exist.*

test com.sun.jdi.NoLaunchOptionTest
result COMPILE_FAILED
pattern .*package com.sun.jdi does not exist.*

test com.sun.jdi.NoLocInfoTest
result COMPILE_FAILED
pattern .*package com.sun.jdi does not exist.*

test com.sun.jdi.OnThrowTest
result COMPILE_FAILED
pattern .*package com.sun.jdi does not exist.*

test com.sun.jdi.OptionTest
result COMPILE_FAILED
pattern .*package com.sun.jdi does not exist.*

test com.sun.jdi.PopAndInvokeTest
result COMPILE_FAILED
pattern .*package com.sun.jdi does not exist.*

test com.sun.jdi.PopAndStepTest
result COMPILE_FAILED
pattern .*package com.sun.jdi does not exist.*

test com.sun.jdi.PopAsynchronousTest
result COMPILE_FAILED
pattern .*package com.sun.jdi does not exist.*

test com.sun.jdi.PopSynchronousTest
result COMPILE_FAILED
pattern .*package com.sun.jdi does not exist.*

test com.sun.jdi.ReferrersTest
result COMPILE_FAILED
pattern .*package com.sun.jdi does not exist.*

test com.sun.jdi.RepStep
result COMPILE_FAILED
pattern .*package com.sun.jdi does not exist.*

test com.sun.jdi.RequestReflectionTest
result COMPILE_FAILED
pattern .*package com.sun.jdi does not exist.*

test com.sun.jdi.RunToExit
result COMPILE_FAILED
pattern .*package com.sun.jdi does not exist.*

test com.sun.jdi.SDENullTest
result COMPILE_FAILED
pattern .*package com.sun.jdi does not exist.*

test com.sun.jdi.SourceNameFilterTest
result COMPILE_FAILED
pattern .*package com.sun.jdi does not exist.*

test com.sun.jdi.StepTest
result COMPILE_FAILED
pattern .*package com.sun.jdi does not exist.*

test com.sun.jdi.SuspendThreadTest
result COMPILE_FAILED
pattern .*package com.sun.jdi does not exist.*

test com.sun.jdi.TemplateTest
result COMPILE_FAILED
pattern .*package com.sun.jdi does not exist.*

test com.sun.jdi.ThreadGroupTest
result COMPILE_FAILED
pattern .*package com.sun.jdi does not exist.*

test com.sun.jdi.TwoThreadsTest
result COMPILE_FAILED
pattern .*package com.sun.jdi does not exist.*

test com.sun.jdi.UnpreparedByName
result COMPILE_FAILED
pattern .*package com.sun.jdi does not exist.*

test com.sun.jdi.UnpreparedClasses
result COMPILE_FAILED
pattern .*package com.sun.jdi does not exist.*

test com.sun.jdi.UTF8Test
result COMPILE_FAILED
pattern .*package com.sun.jdi does not exist.*

test com.sun.jdi.VarargsTest
result COMPILE_FAILED
pattern .*package com.sun.jdi does not exist.*

test com.sun.jdi.Vars
result COMPILE_FAILED
pattern .*package com.sun.jdi does not exist.*

test com.sun.jdi.VMDeathLastTest
result COMPILE_FAILED
pattern .*package com.sun.jdi does not exist.*

test com.sun.jdi.VMDeathRequestTest
result COMPILE_FAILED
pattern .*package com.sun.jdi does not exist.*


# Dalvik doesn't include a com.sun.net HTTP server
test com.sun.net.httpserver
result UNSUPPORTED

test sun.net.www
result UNSUPPORTED


# Dalvik doesn't include AWT except the font package
test java.awt
result UNSUPPORTED

test java.awt.FontClass
result SUCCESS


# Dalvik doesn't include java.beans except for property listeners
test java.beans
result UNSUPPORTED

test java.beans.PropertyChangeSupport
result SUCCESS


# Dalvik doesn't include java.lang.instrument
test java.lang.instrument
result UNSUPPORTED


# Dalvik doesn't include java.lang.management
test java.lang.management
result UNSUPPORTED


# Dalvik doesn't include RMI
test java.rmi
result UNSUPPORTED

test sun.rmi
result UNSUPPORTED


# Dalvik doesn't include javax.management
test javax.management
result UNSUPPORTED


# Dalvik doesn't include javax.naming
test javax.naming
result UNSUPPORTED


# Dalvik doesn't include javax.sound
test javax.sound
result UNSUPPORTED


# Dalvik doesn't include javax.swing
test javax.swing
result UNSUPPORTED


# Dalvik doesn't include sun.management
test sun.management
result UNSUPPORTED


# Dalvik doesn't include javax.smartcardio
test sun.security.smartcardio
result UNSUPPORTED

# Our exception messages don't match the RIs
test java.lang.StringBuilder.Exceptions
result EXEC_FAILED
pattern .*got java\.lang\.StringIndexOutOfBoundsException: null - FAILED.*

test java.lang.StringBuffer.Exceptions
result EXEC_FAILED
pattern .*got java\.lang\.StringIndexOutOfBoundsException: null - FAILED.*


# A low-impact bug that we're ignoring: "Shared FileDescriptors get closed too early"
#   http://code.google.com/p/android/issues/detail?id=5923
test java.io.FileDescriptor.Finalize
result EXEC_FAILED
pattern .*java.io.IOException.*openCheck.*


# We don't have AWT
test java.io.File.isDirectory.Applet
result COMPILE_FAILED
pattern .*package java.applet does not exist.*
